\BOOKMARK [0][-]{spisTresci.1.0}{\376\377\000S\000p\000i\000s\000\040\000t\000r\000e\001\133\000c\000i}{}% 1
\BOOKMARK [0][-]{spisRysunkow.1.0}{\376\377\000S\000p\000i\000s\000\040\000r\000y\000s\000u\000n\000k\000\363\000w}{}% 2
\BOOKMARK [0][-]{spisListingow.1.0}{\376\377\000S\000p\000i\000s\000\040\000l\000i\000s\000t\000i\000n\000g\000\363\000w}{}% 3
\BOOKMARK [0][-]{chapter.1}{\376\377\000W\000s\000t\001\031\000p}{}% 4
\BOOKMARK [1][-]{section.1.1}{\376\377\000C\000e\000l\000\040\000p\000r\000o\000j\000e\000k\000t\000u}{chapter.1}% 5
\BOOKMARK [1][-]{section.1.2}{\376\377\000M\000i\000n\000i\000s\000u\000m\000o}{chapter.1}% 6
\BOOKMARK [1][-]{section.1.3}{\376\377\000Z\000a\001\102\000o\001\174\000e\000n\000i\000a}{chapter.1}% 7
\BOOKMARK [0][-]{chapter.2}{\376\377\000U\001\174\000y\000t\000e\000\040\000t\000e\000c\000h\000n\000o\000l\000o\000g\000i\000e}{}% 8
\BOOKMARK [1][-]{section.2.1}{\376\377\000A\000r\000d\000u\000i\000n\000o}{chapter.2}% 9
\BOOKMARK [1][-]{section.2.2}{\376\377\000C}{chapter.2}% 10
\BOOKMARK [1][-]{section.2.3}{\376\377\000S\000w\000i\000f\000t}{chapter.2}% 11
\BOOKMARK [2][-]{subsection.2.3.1}{\376\377\000U\000I\000K\000i\000t}{section.2.3}% 12
\BOOKMARK [2][-]{subsection.2.3.2}{\376\377\000C\000o\000r\000e\000B\000l\000u\000e\000t\000o\000o\000t\000h}{section.2.3}% 13
\BOOKMARK [2][-]{subsection.2.3.3}{\376\377\000C\000o\000r\000e\000G\000r\000a\000p\000h\000i\000c\000s}{section.2.3}% 14
\BOOKMARK [2][-]{subsection.2.3.4}{\376\377\000C\000o\000r\000e\000M\000o\000t\000i\000o\000n\000s}{section.2.3}% 15
\BOOKMARK [0][-]{chapter.3}{\376\377\000W\000y\000k\000o\000r\000z\000y\000s\000t\000a\000n\000e\000\040\001\133\000r\000o\000d\000o\000w\000i\000s\000k\000a}{}% 16
\BOOKMARK [1][-]{section.3.1}{\376\377\000I\000n\000v\000e\000n\000t\000o\000r}{chapter.3}% 17
\BOOKMARK [1][-]{section.3.2}{\376\377\000K\000i\000C\000a\000d}{chapter.3}% 18
\BOOKMARK [1][-]{section.3.3}{\376\377\000X\000c\000o\000d\000e}{chapter.3}% 19
\BOOKMARK [0][-]{chapter.4}{\376\377\000K\000o\000m\000u\000n\000i\000k\000a\000c\000j\000a}{}% 20
\BOOKMARK [1][-]{section.4.1}{\376\377\000M\000o\000d\000u\001\102\000\040\000b\000l\000u\000e\000t\000o\000o\000t\000h}{chapter.4}% 21
\BOOKMARK [1][-]{section.4.2}{\376\377\000L\000o\000g\000i\000k\000a}{chapter.4}% 22
\BOOKMARK [0][-]{chapter.5}{\376\377\000R\000o\000b\000o\000t\000\040\000m\000i\000n\000i\000s\000u\000m\000o}{}% 23
\BOOKMARK [1][-]{section.5.1}{\376\377\000K\000o\000n\000s\000t\000r\000u\000k\000c\000j\000a}{chapter.5}% 24
\BOOKMARK [2][-]{subsection.5.1.1}{\376\377\000N\000a\000d\000w\000o\000z\000i\000e}{section.5.1}% 25
\BOOKMARK [2][-]{subsection.5.1.2}{\376\377\000P\000o\000d\000w\000o\000z\000i\000e}{section.5.1}% 26
\BOOKMARK [2][-]{subsection.5.1.3}{\376\377\000N\000a\000p\001\031\000d}{section.5.1}% 27
\BOOKMARK [1][-]{section.5.2}{\376\377\000E\000l\000e\000k\000t\000r\000o\000n\000i\000k\000a}{chapter.5}% 28
\BOOKMARK [2][-]{subsection.5.2.1}{\376\377\000Z\000a\001\102\000o\001\174\000e\000n\000i\000a}{section.5.2}% 29
\BOOKMARK [2][-]{subsection.5.2.2}{\376\377\001\171\000r\000\363\000d\001\102\000o\000\040\000z\000a\000s\000i\000l\000a\000n\000i\000a}{section.5.2}% 30
\BOOKMARK [2][-]{subsection.5.2.3}{\376\377\000P\000r\000o\000c\000e\000s\000o\000r}{section.5.2}% 31
\BOOKMARK [2][-]{subsection.5.2.4}{\376\377\000S\000e\000n\000s\000o\000r\000y\000k\000a}{section.5.2}% 32
\BOOKMARK [2][-]{subsection.5.2.5}{\376\377\000S\000t\000e\000r\000o\000w\000n\000i\000k\000\040\000s\000i\000l\000n\000i\000k\000\363\000w}{section.5.2}% 33
\BOOKMARK [2][-]{subsection.5.2.6}{\376\377\000S\000c\000h\000e\000m\000a\000t\000\040\000p\001\102\000y\000t\000k\000i\000\040\000z\000\040\000i\000n\000t\000e\000r\000f\000e\000j\000s\000e\000m}{section.5.2}% 34
\BOOKMARK [2][-]{subsection.5.2.7}{\376\377\000S\000c\000h\000e\000m\000a\000t\000\040\000p\001\102\000y\000t\000k\000i\000\040\000g\001\102\000\363\000w\000n\000e\000j}{section.5.2}% 35
\BOOKMARK [1][-]{section.5.3}{\376\377\000O\000p\000r\000o\000g\000r\000a\000m\000o\000w\000a\000n\000i\000e}{chapter.5}% 36
\BOOKMARK [2][-]{subsection.5.3.1}{\376\377\000T\000r\000a\000n\000s\000m\000i\000s\000j\000a\000\040\000d\000a\000n\000y\000c\000h}{section.5.3}% 37
\BOOKMARK [2][-]{subsection.5.3.2}{\376\377\000O\000b\000s\001\102\000u\000g\000a\000\040\000p\000r\000z\000y\000c\000h\000o\000d\000z\001\005\000c\000y\000c\000h\000\040\000w\000i\000a\000d\000o\000m\000o\001\133\000c\000i}{section.5.3}% 38
\BOOKMARK [2][-]{subsection.5.3.3}{\376\377\000A\000l\000g\000o\000r\000y\000t\000m\000y\000\040\000w\000a\000l\000k\000i}{section.5.3}% 39
\BOOKMARK [0][-]{chapter.6}{\376\377\000A\000p\000l\000i\000k\000a\000c\000j\000a\000\040\000m\000o\000b\000i\000l\000n\000a}{}% 40
\BOOKMARK [1][-]{section.6.1}{\376\377\000P\000l\000a\000t\000f\000o\000r\000m\000a}{chapter.6}% 41
\BOOKMARK [1][-]{section.6.2}{\376\377\000K\000o\000m\000p\000a\000t\000y\000b\000i\000l\000n\000o\001\133\001\007}{chapter.6}% 42
\BOOKMARK [1][-]{section.6.3}{\376\377\000W\000z\000o\000r\000z\000e\000c\000\040\000M\000V\000C}{chapter.6}% 43
\BOOKMARK [1][-]{section.6.4}{\376\377\000K\000o\000m\000u\000n\000i\000k\000a\000c\000j\000a}{chapter.6}% 44
\BOOKMARK [1][-]{section.6.5}{\376\377\000S\000t\000r\000u\000k\000t\000u\000r\000a\000\040\000a\000p\000l\000i\000k\000a\000c\000j\000i}{chapter.6}% 45
\BOOKMARK [2][-]{subsection.6.5.1}{\376\377\000W\000i\000d\000o\000k\000\040\000g\001\102\000\363\000w\000n\000y}{section.6.5}% 46
\BOOKMARK [2][-]{subsection.6.5.2}{\376\377\000W\000i\000d\000o\000k\000\040\000s\000t\000e\000r\000o\000w\000a\000n\000i\000a\000\040\000a\000u\000t\000o\000m\000a\000t\000y\000c\000z\000n\000e\000g\000o}{section.6.5}% 47
\BOOKMARK [2][-]{subsection.6.5.3}{\376\377\000W\000i\000d\000o\000k\000\040\000s\000t\000e\000r\000o\000w\000a\000n\000i\000a\000\040\000z\000d\000a\000l\000n\000e\000g\000o}{section.6.5}% 48
\BOOKMARK [2][-]{subsection.6.5.4}{\376\377\000W\000i\000d\000o\000k\000\040\000d\000i\000a\000g\000n\000o\000s\000t\000y\000k\000i}{section.6.5}% 49
\BOOKMARK [0][-]{chapter.7}{\376\377\000I\000m\000p\000l\000e\000m\000e\000n\000t\000a\000c\000j\000a}{}% 50
\BOOKMARK [1][-]{section.7.1}{\376\377\000K\000o\000m\000p\000i\000l\000a\000c\000j\000a\000\040\000p\000r\000o\000j\000e\000k\000t\000u}{chapter.7}% 51
\BOOKMARK [0][-]{chapter.8}{\376\377\000P\000o\000d\000s\000u\000m\000o\000w\000a\000n\000i\000e}{}% 52
\BOOKMARK [1][-]{section.8.1}{\376\377\000Z\000r\000e\000a\000l\000i\000z\000o\000w\000a\000n\000e\000\040\000z\000a\001\102\000o\001\174\000e\000n\000i\000a}{chapter.8}% 53
\BOOKMARK [1][-]{section.8.2}{\376\377\000D\000a\000l\000s\000z\000y\000\040\000r\000o\000z\000w\000\363\000j\000\040\000p\000r\000o\000j\000e\000k\000t\000u}{chapter.8}% 54
\BOOKMARK [1][-]{section.8.3}{\376\377\000U\000w\000a\000g\000i}{chapter.8}% 55
\BOOKMARK [0][-]{section*.2}{\376\377\000I\000n\000d\000e\000k\000s\000\040\000r\000z\000e\000c\000z\000o\000w\000y}{}% 56
\BOOKMARK [0][-]{section*.4}{\376\377\000L\000i\000t\000e\000r\000a\000t\000u\000r\000a}{}% 57
